<?xml version="1.0" encoding="UTF-8"?>
<testsuite name="org.arnoid.resources.PluginSpec" tests="2" skipped="0" failures="0" errors="0" timestamp="2017-03-22T14:03:54" hostname="macbook-sergii.quince-ams.nl" time="9.209">
  <properties/>
  <testcase name="apply" classname="org.arnoid.resources.PluginSpec" time="8.842"/>
  <testcase name="executeTask" classname="org.arnoid.resources.PluginSpec" time="0.366"/>
  <system-out><![CDATA[]]></system-out>
  <system-err><![CDATA[]]></system-err>
</testsuite>
